[0.111s] DEBUG:colcon:Command line arguments: ['/usr/bin/colcon', 'list', '-p', '--base-paths', '/home/swimming/Documents/Dev/Robotics/udacity/sensor_fusion/SFND_Lidar_To_Camera']
[0.111s] DEBUG:colcon:Parsed command line arguments: Namespace(base_paths=['/home/swimming/Documents/Dev/Robotics/udacity/sensor_fusion/SFND_Lidar_To_Camera'], build_base='build', ignore_user_meta=False, log_base=None, log_level=None, main=<bound method ListVerb.main of <colcon_package_information.verb.list.ListVerb object at 0x7fa89d271a58>>, metas=['./colcon.meta'], names_only=False, packages_above=None, packages_above_depth=None, packages_end=None, packages_ignore=None, packages_ignore_regex=None, packages_select=None, packages_select_build_failed=False, packages_select_by_dep=None, packages_select_regex=None, packages_select_test_failures=False, packages_skip=None, packages_skip_build_finished=False, packages_skip_by_dep=None, packages_skip_regex=None, packages_skip_test_passed=False, packages_skip_up_to=None, packages_start=None, packages_up_to=None, paths=None, paths_only=True, topological_graph=False, topological_graph_density=False, topological_graph_dot=False, topological_graph_dot_cluster=False, topological_graph_dot_include_skipped=False, topological_graph_legend=False, topological_order=False, verb_extension=<colcon_package_information.verb.list.ListVerb object at 0x7fa89d271a58>, verb_name='list', verb_parser=<colcon_defaults.argument_parser.defaults.DefaultArgumentsDecorator object at 0x7fa89cfc2b38>)
[0.171s] Level 1:colcon.colcon_core.package_discovery:discover_packages(colcon_meta) check parameters
[0.171s] Level 1:colcon.colcon_core.package_discovery:discover_packages(recursive) check parameters
[0.171s] Level 1:colcon.colcon_core.package_discovery:discover_packages(ignore) check parameters
[0.172s] Level 1:colcon.colcon_core.package_discovery:discover_packages(path) check parameters
[0.172s] Level 1:colcon.colcon_core.package_discovery:discover_packages(recursive) discover
[0.172s] INFO:colcon.colcon_core.package_discovery:Crawling recursively for packages in '/home/swimming/Documents/Dev/Robotics/udacity/sensor_fusion/SFND_Lidar_To_Camera'
[0.172s] Level 1:colcon.colcon_core.package_identification:_identify(/home/swimming/Documents/Dev/Robotics/udacity/sensor_fusion/SFND_Lidar_To_Camera) by extensions ['ignore', 'ignore_ament_install']
[0.173s] Level 1:colcon.colcon_core.package_identification:_identify(/home/swimming/Documents/Dev/Robotics/udacity/sensor_fusion/SFND_Lidar_To_Camera) by extension 'ignore'
[0.173s] Level 1:colcon.colcon_core.package_identification:_identify(/home/swimming/Documents/Dev/Robotics/udacity/sensor_fusion/SFND_Lidar_To_Camera) by extension 'ignore_ament_install'
[0.173s] Level 1:colcon.colcon_core.package_identification:_identify(/home/swimming/Documents/Dev/Robotics/udacity/sensor_fusion/SFND_Lidar_To_Camera) by extensions ['colcon_pkg']
[0.173s] Level 1:colcon.colcon_core.package_identification:_identify(/home/swimming/Documents/Dev/Robotics/udacity/sensor_fusion/SFND_Lidar_To_Camera) by extension 'colcon_pkg'
[0.173s] Level 1:colcon.colcon_core.package_identification:_identify(/home/swimming/Documents/Dev/Robotics/udacity/sensor_fusion/SFND_Lidar_To_Camera) by extensions ['colcon_meta']
[0.173s] Level 1:colcon.colcon_core.package_identification:_identify(/home/swimming/Documents/Dev/Robotics/udacity/sensor_fusion/SFND_Lidar_To_Camera) by extension 'colcon_meta'
[0.173s] Level 1:colcon.colcon_core.package_identification:_identify(/home/swimming/Documents/Dev/Robotics/udacity/sensor_fusion/SFND_Lidar_To_Camera) by extensions ['ros']
[0.173s] Level 1:colcon.colcon_core.package_identification:_identify(/home/swimming/Documents/Dev/Robotics/udacity/sensor_fusion/SFND_Lidar_To_Camera) by extension 'ros'
[0.190s] Level 1:colcon.colcon_core.package_identification:_identify(/home/swimming/Documents/Dev/Robotics/udacity/sensor_fusion/SFND_Lidar_To_Camera) by extensions ['cmake', 'python']
[0.190s] Level 1:colcon.colcon_core.package_identification:_identify(/home/swimming/Documents/Dev/Robotics/udacity/sensor_fusion/SFND_Lidar_To_Camera) by extension 'cmake'
[0.190s] Level 1:colcon.colcon_core.package_identification:_identify(/home/swimming/Documents/Dev/Robotics/udacity/sensor_fusion/SFND_Lidar_To_Camera) by extension 'python'
[0.190s] Level 1:colcon.colcon_core.package_identification:_identify(/home/swimming/Documents/Dev/Robotics/udacity/sensor_fusion/SFND_Lidar_To_Camera) by extensions ['python_setup_py']
[0.190s] Level 1:colcon.colcon_core.package_identification:_identify(/home/swimming/Documents/Dev/Robotics/udacity/sensor_fusion/SFND_Lidar_To_Camera) by extension 'python_setup_py'
[0.190s] Level 1:colcon.colcon_core.package_identification:_identify(/home/swimming/Documents/Dev/Robotics/udacity/sensor_fusion/SFND_Lidar_To_Camera/lidar_to_camera) by extensions ['ignore', 'ignore_ament_install']
[0.191s] Level 1:colcon.colcon_core.package_identification:_identify(/home/swimming/Documents/Dev/Robotics/udacity/sensor_fusion/SFND_Lidar_To_Camera/lidar_to_camera) by extension 'ignore'
[0.191s] Level 1:colcon.colcon_core.package_identification:_identify(/home/swimming/Documents/Dev/Robotics/udacity/sensor_fusion/SFND_Lidar_To_Camera/lidar_to_camera) by extension 'ignore_ament_install'
[0.191s] Level 1:colcon.colcon_core.package_identification:_identify(/home/swimming/Documents/Dev/Robotics/udacity/sensor_fusion/SFND_Lidar_To_Camera/lidar_to_camera) by extensions ['colcon_pkg']
[0.191s] Level 1:colcon.colcon_core.package_identification:_identify(/home/swimming/Documents/Dev/Robotics/udacity/sensor_fusion/SFND_Lidar_To_Camera/lidar_to_camera) by extension 'colcon_pkg'
[0.191s] Level 1:colcon.colcon_core.package_identification:_identify(/home/swimming/Documents/Dev/Robotics/udacity/sensor_fusion/SFND_Lidar_To_Camera/lidar_to_camera) by extensions ['colcon_meta']
[0.191s] Level 1:colcon.colcon_core.package_identification:_identify(/home/swimming/Documents/Dev/Robotics/udacity/sensor_fusion/SFND_Lidar_To_Camera/lidar_to_camera) by extension 'colcon_meta'
[0.191s] Level 1:colcon.colcon_core.package_identification:_identify(/home/swimming/Documents/Dev/Robotics/udacity/sensor_fusion/SFND_Lidar_To_Camera/lidar_to_camera) by extensions ['ros']
[0.191s] Level 1:colcon.colcon_core.package_identification:_identify(/home/swimming/Documents/Dev/Robotics/udacity/sensor_fusion/SFND_Lidar_To_Camera/lidar_to_camera) by extension 'ros'
[0.191s] Level 1:colcon.colcon_core.package_identification:_identify(/home/swimming/Documents/Dev/Robotics/udacity/sensor_fusion/SFND_Lidar_To_Camera/lidar_to_camera) by extensions ['cmake', 'python']
[0.191s] Level 1:colcon.colcon_core.package_identification:_identify(/home/swimming/Documents/Dev/Robotics/udacity/sensor_fusion/SFND_Lidar_To_Camera/lidar_to_camera) by extension 'cmake'
[0.193s] Level 1:colcon.colcon_core.package_identification:_identify(/home/swimming/Documents/Dev/Robotics/udacity/sensor_fusion/SFND_Lidar_To_Camera/lidar_to_camera) by extension 'python'
[0.193s] DEBUG:colcon.colcon_core.package_identification:Package '/home/swimming/Documents/Dev/Robotics/udacity/sensor_fusion/SFND_Lidar_To_Camera/lidar_to_camera' with type 'cmake' and name 'camera_fusion'
[0.193s] Level 1:colcon.colcon_core.package_identification:_identify(/home/swimming/Documents/Dev/Robotics/udacity/sensor_fusion/SFND_Lidar_To_Camera/log) by extensions ['ignore', 'ignore_ament_install']
[0.193s] Level 1:colcon.colcon_core.package_identification:_identify(/home/swimming/Documents/Dev/Robotics/udacity/sensor_fusion/SFND_Lidar_To_Camera/log) by extension 'ignore'
[0.193s] Level 1:colcon.colcon_core.package_identification:_identify(/home/swimming/Documents/Dev/Robotics/udacity/sensor_fusion/SFND_Lidar_To_Camera/log) ignored
[0.194s] Level 1:colcon.colcon_core.package_identification:_identify(/home/swimming/Documents/Dev/Robotics/udacity/sensor_fusion/SFND_Lidar_To_Camera/solutions) by extensions ['ignore', 'ignore_ament_install']
[0.194s] Level 1:colcon.colcon_core.package_identification:_identify(/home/swimming/Documents/Dev/Robotics/udacity/sensor_fusion/SFND_Lidar_To_Camera/solutions) by extension 'ignore'
[0.194s] Level 1:colcon.colcon_core.package_identification:_identify(/home/swimming/Documents/Dev/Robotics/udacity/sensor_fusion/SFND_Lidar_To_Camera/solutions) by extension 'ignore_ament_install'
[0.194s] Level 1:colcon.colcon_core.package_identification:_identify(/home/swimming/Documents/Dev/Robotics/udacity/sensor_fusion/SFND_Lidar_To_Camera/solutions) by extensions ['colcon_pkg']
[0.194s] Level 1:colcon.colcon_core.package_identification:_identify(/home/swimming/Documents/Dev/Robotics/udacity/sensor_fusion/SFND_Lidar_To_Camera/solutions) by extension 'colcon_pkg'
[0.194s] Level 1:colcon.colcon_core.package_identification:_identify(/home/swimming/Documents/Dev/Robotics/udacity/sensor_fusion/SFND_Lidar_To_Camera/solutions) by extensions ['colcon_meta']
[0.194s] Level 1:colcon.colcon_core.package_identification:_identify(/home/swimming/Documents/Dev/Robotics/udacity/sensor_fusion/SFND_Lidar_To_Camera/solutions) by extension 'colcon_meta'
[0.194s] Level 1:colcon.colcon_core.package_identification:_identify(/home/swimming/Documents/Dev/Robotics/udacity/sensor_fusion/SFND_Lidar_To_Camera/solutions) by extensions ['ros']
[0.194s] Level 1:colcon.colcon_core.package_identification:_identify(/home/swimming/Documents/Dev/Robotics/udacity/sensor_fusion/SFND_Lidar_To_Camera/solutions) by extension 'ros'
[0.194s] Level 1:colcon.colcon_core.package_identification:_identify(/home/swimming/Documents/Dev/Robotics/udacity/sensor_fusion/SFND_Lidar_To_Camera/solutions) by extensions ['cmake', 'python']
[0.194s] Level 1:colcon.colcon_core.package_identification:_identify(/home/swimming/Documents/Dev/Robotics/udacity/sensor_fusion/SFND_Lidar_To_Camera/solutions) by extension 'cmake'
[0.195s] Level 1:colcon.colcon_core.package_identification:_identify(/home/swimming/Documents/Dev/Robotics/udacity/sensor_fusion/SFND_Lidar_To_Camera/solutions) by extension 'python'
[0.195s] Level 1:colcon.colcon_core.package_identification:_identify(/home/swimming/Documents/Dev/Robotics/udacity/sensor_fusion/SFND_Lidar_To_Camera/solutions) by extensions ['python_setup_py']
[0.195s] Level 1:colcon.colcon_core.package_identification:_identify(/home/swimming/Documents/Dev/Robotics/udacity/sensor_fusion/SFND_Lidar_To_Camera/solutions) by extension 'python_setup_py'
[0.195s] Level 1:colcon.colcon_core.package_discovery:discover_packages(recursive) using defaults
